mode: atomic
github.com/BackendStack21/kode/internal/telegram/approver.go:54.68,62.2 1 18
github.com/BackendStack21/kode/internal/telegram/approver.go:65.48,66.14 1 3
github.com/BackendStack21/kode/internal/telegram/approver.go:66.14,69.3 2 2
github.com/BackendStack21/kode/internal/telegram/approver.go:70.2,70.11 1 1
github.com/BackendStack21/kode/internal/telegram/approver.go:75.95,78.20 2 3
github.com/BackendStack21/kode/internal/telegram/approver.go:78.20,81.3 2 2
github.com/BackendStack21/kode/internal/telegram/approver.go:82.2,88.23 4 1
github.com/BackendStack21/kode/internal/telegram/approver.go:88.23,90.3 1 1
github.com/BackendStack21/kode/internal/telegram/approver.go:90.8,92.22 2 0
github.com/BackendStack21/kode/internal/telegram/approver.go:92.22,94.4 1 0
github.com/BackendStack21/kode/internal/telegram/approver.go:98.2,122.16 4 1
github.com/BackendStack21/kode/internal/telegram/approver.go:122.16,124.3 1 1
github.com/BackendStack21/kode/internal/telegram/approver.go:127.2,132.15 5 0
github.com/BackendStack21/kode/internal/telegram/approver.go:132.15,136.3 3 0
github.com/BackendStack21/kode/internal/telegram/approver.go:139.2,139.9 1 0
github.com/BackendStack21/kode/internal/telegram/approver.go:140.24,141.17 1 0
github.com/BackendStack21/kode/internal/telegram/approver.go:142.18,143.14 1 0
github.com/BackendStack21/kode/internal/telegram/approver.go:144.16,151.60 4 0
github.com/BackendStack21/kode/internal/telegram/approver.go:151.60,153.5 1 0
github.com/BackendStack21/kode/internal/telegram/approver.go:154.4,154.14 1 0
github.com/BackendStack21/kode/internal/telegram/approver.go:155.15,156.58 1 0
github.com/BackendStack21/kode/internal/telegram/approver.go:157.11,158.50 1 0
github.com/BackendStack21/kode/internal/telegram/approver.go:160.37,161.49 1 0
github.com/BackendStack21/kode/internal/telegram/approver.go:166.75,169.2 2 1
github.com/BackendStack21/kode/internal/telegram/approver.go:175.61,180.9 3 7
github.com/BackendStack21/kode/internal/telegram/approver.go:181.48,183.49 2 3
github.com/BackendStack21/kode/internal/telegram/approver.go:184.45,186.46 2 2
github.com/BackendStack21/kode/internal/telegram/approver.go:187.46,189.47 2 1
github.com/BackendStack21/kode/internal/telegram/approver.go:190.10,191.15 1 1
github.com/BackendStack21/kode/internal/telegram/approver.go:194.2,198.8 4 6
github.com/BackendStack21/kode/internal/telegram/approver.go:198.8,200.3 1 3
github.com/BackendStack21/kode/internal/telegram/approver.go:202.2,202.13 1 6
github.com/BackendStack21/kode/internal/telegram/approver.go:206.43,210.2 3 105
github.com/BackendStack21/kode/internal/telegram/approver.go:214.65,218.2 3 4
github.com/BackendStack21/kode/internal/telegram/approver.go:221.41,225.2 3 1
github.com/BackendStack21/kode/internal/telegram/bot.go:28.32,38.2 1 38
github.com/BackendStack21/kode/internal/telegram/bot.go:41.35,42.14 1 2
github.com/BackendStack21/kode/internal/telegram/bot.go:42.14,45.3 2 1
github.com/BackendStack21/kode/internal/telegram/bot.go:46.2,46.11 1 1
github.com/BackendStack21/kode/internal/telegram/bot.go:50.41,52.2 1 78
github.com/BackendStack21/kode/internal/telegram/bot.go:56.63,58.17 2 71
github.com/BackendStack21/kode/internal/telegram/bot.go:58.17,61.17 3 68
github.com/BackendStack21/kode/internal/telegram/bot.go:61.17,64.4 2 0
github.com/BackendStack21/kode/internal/telegram/bot.go:67.2,69.16 3 71
github.com/BackendStack21/kode/internal/telegram/bot.go:69.16,72.3 2 1
github.com/BackendStack21/kode/internal/telegram/bot.go:73.2,76.16 3 70
github.com/BackendStack21/kode/internal/telegram/bot.go:76.16,79.3 2 0
github.com/BackendStack21/kode/internal/telegram/bot.go:81.2,87.59 2 70
github.com/BackendStack21/kode/internal/telegram/bot.go:87.59,90.3 2 1
github.com/BackendStack21/kode/internal/telegram/bot.go:92.2,92.17 1 69
github.com/BackendStack21/kode/internal/telegram/bot.go:92.17,95.3 2 9
github.com/BackendStack21/kode/internal/telegram/bot.go:97.2,97.44 1 60
github.com/BackendStack21/kode/internal/telegram/bot.go:97.44,98.62 1 45
github.com/BackendStack21/kode/internal/telegram/bot.go:98.62,101.4 2 0
github.com/BackendStack21/kode/internal/telegram/bot.go:104.2,104.12 1 60
github.com/BackendStack21/kode/internal/telegram/bot.go:108.105,110.16 2 8
github.com/BackendStack21/kode/internal/telegram/bot.go:110.16,113.3 2 1
github.com/BackendStack21/kode/internal/telegram/bot.go:114.2,121.16 5 7
github.com/BackendStack21/kode/internal/telegram/bot.go:121.16,124.3 2 0
github.com/BackendStack21/kode/internal/telegram/bot.go:125.2,125.47 1 7
github.com/BackendStack21/kode/internal/telegram/bot.go:125.47,128.3 2 0
github.com/BackendStack21/kode/internal/telegram/bot.go:131.2,131.31 1 7
github.com/BackendStack21/kode/internal/telegram/bot.go:131.31,133.17 2 8
github.com/BackendStack21/kode/internal/telegram/bot.go:133.17,136.4 2 0
github.com/BackendStack21/kode/internal/telegram/bot.go:137.3,137.65 1 8
github.com/BackendStack21/kode/internal/telegram/bot.go:137.65,140.4 2 0
github.com/BackendStack21/kode/internal/telegram/bot.go:143.2,143.39 1 7
github.com/BackendStack21/kode/internal/telegram/bot.go:143.39,146.3 2 0
github.com/BackendStack21/kode/internal/telegram/bot.go:148.2,150.16 3 7
github.com/BackendStack21/kode/internal/telegram/bot.go:150.16,153.3 2 0
github.com/BackendStack21/kode/internal/telegram/bot.go:154.2,157.16 3 7
github.com/BackendStack21/kode/internal/telegram/bot.go:157.16,160.3 2 0
github.com/BackendStack21/kode/internal/telegram/bot.go:161.2,164.16 3 7
github.com/BackendStack21/kode/internal/telegram/bot.go:164.16,167.3 2 0
github.com/BackendStack21/kode/internal/telegram/bot.go:169.2,175.59 2 7
github.com/BackendStack21/kode/internal/telegram/bot.go:175.59,178.3 2 0
github.com/BackendStack21/kode/internal/telegram/bot.go:180.2,180.17 1 7
github.com/BackendStack21/kode/internal/telegram/bot.go:180.17,183.3 2 0
github.com/BackendStack21/kode/internal/telegram/bot.go:185.2,185.44 1 7
github.com/BackendStack21/kode/internal/telegram/bot.go:185.44,186.62 1 7
github.com/BackendStack21/kode/internal/telegram/bot.go:186.62,189.4 2 0
github.com/BackendStack21/kode/internal/telegram/bot.go:192.2,192.12 1 7
github.com/BackendStack21/kode/internal/telegram/bot.go:196.88,201.17 2 27
github.com/BackendStack21/kode/internal/telegram/bot.go:201.17,202.27 1 21
github.com/BackendStack21/kode/internal/telegram/bot.go:202.27,204.4 1 21
github.com/BackendStack21/kode/internal/telegram/bot.go:205.3,205.30 1 21
github.com/BackendStack21/kode/internal/telegram/bot.go:205.30,207.4 1 2
github.com/BackendStack21/kode/internal/telegram/bot.go:208.3,208.33 1 21
github.com/BackendStack21/kode/internal/telegram/bot.go:208.33,210.4 1 1
github.com/BackendStack21/kode/internal/telegram/bot.go:211.3,211.33 1 21
github.com/BackendStack21/kode/internal/telegram/bot.go:211.33,213.4 1 1
github.com/BackendStack21/kode/internal/telegram/bot.go:216.2,217.62 2 27
github.com/BackendStack21/kode/internal/telegram/bot.go:217.62,219.3 1 3
github.com/BackendStack21/kode/internal/telegram/bot.go:220.2,220.18 1 24
github.com/BackendStack21/kode/internal/telegram/bot.go:227.95,233.41 2 3
github.com/BackendStack21/kode/internal/telegram/bot.go:233.41,235.3 1 1
github.com/BackendStack21/kode/internal/telegram/bot.go:236.2,236.49 1 3
github.com/BackendStack21/kode/internal/telegram/bot.go:240.86,244.19 2 5
github.com/BackendStack21/kode/internal/telegram/bot.go:244.19,246.3 1 1
github.com/BackendStack21/kode/internal/telegram/bot.go:248.2,249.77 2 5
github.com/BackendStack21/kode/internal/telegram/bot.go:249.77,251.3 1 1
github.com/BackendStack21/kode/internal/telegram/bot.go:252.2,252.18 1 4
github.com/BackendStack21/kode/internal/telegram/bot.go:256.86,260.19 2 3
github.com/BackendStack21/kode/internal/telegram/bot.go:260.19,262.3 1 0
github.com/BackendStack21/kode/internal/telegram/bot.go:264.2,265.77 2 3
github.com/BackendStack21/kode/internal/telegram/bot.go:265.77,267.3 1 0
github.com/BackendStack21/kode/internal/telegram/bot.go:268.2,268.18 1 3
github.com/BackendStack21/kode/internal/telegram/bot.go:272.69,279.65 3 19
github.com/BackendStack21/kode/internal/telegram/bot.go:279.65,281.3 1 1
github.com/BackendStack21/kode/internal/telegram/bot.go:282.2,282.21 1 18
github.com/BackendStack21/kode/internal/telegram/bot.go:286.53,292.59 3 8
github.com/BackendStack21/kode/internal/telegram/bot.go:292.59,294.3 1 2
github.com/BackendStack21/kode/internal/telegram/bot.go:295.2,295.19 1 6
github.com/BackendStack21/kode/internal/telegram/bot.go:299.61,303.16 3 6
github.com/BackendStack21/kode/internal/telegram/bot.go:303.16,305.3 1 1
github.com/BackendStack21/kode/internal/telegram/bot.go:306.2,308.38 2 5
github.com/BackendStack21/kode/internal/telegram/bot.go:308.38,310.3 1 2
github.com/BackendStack21/kode/internal/telegram/bot.go:312.2,313.16 2 3
github.com/BackendStack21/kode/internal/telegram/bot.go:313.16,315.3 1 0
github.com/BackendStack21/kode/internal/telegram/bot.go:316.2,316.18 1 3
github.com/BackendStack21/kode/internal/telegram/bot.go:320.89,327.2 2 9
github.com/BackendStack21/kode/internal/telegram/bot.go:330.58,335.2 2 1
github.com/BackendStack21/kode/internal/telegram/bot.go:342.46,343.20 1 2
github.com/BackendStack21/kode/internal/telegram/bot.go:343.20,345.3 1 1
github.com/BackendStack21/kode/internal/telegram/bot.go:346.2,347.15 2 1
github.com/BackendStack21/kode/internal/telegram/bot.go:353.49,355.2 1 3
github.com/BackendStack21/kode/internal/telegram/bot.go:359.30,361.16 2 3
github.com/BackendStack21/kode/internal/telegram/bot.go:361.16,363.3 1 0
github.com/BackendStack21/kode/internal/telegram/bot.go:364.2,365.67 2 3
github.com/BackendStack21/kode/internal/telegram/bot.go:372.52,373.29 1 4
github.com/BackendStack21/kode/internal/telegram/bot.go:373.29,375.3 1 1
github.com/BackendStack21/kode/internal/telegram/bot.go:376.2,376.17 1 3
github.com/BackendStack21/kode/internal/telegram/bot.go:376.17,378.3 1 0
github.com/BackendStack21/kode/internal/telegram/bot.go:380.2,384.47 3 3
github.com/BackendStack21/kode/internal/telegram/bot.go:384.47,386.3 1 0
github.com/BackendStack21/kode/internal/telegram/bot.go:389.2,391.16 3 3
github.com/BackendStack21/kode/internal/telegram/bot.go:391.16,392.72 1 1
github.com/BackendStack21/kode/internal/telegram/bot.go:392.72,394.4 1 1
github.com/BackendStack21/kode/internal/telegram/bot.go:395.8,395.32 1 2
github.com/BackendStack21/kode/internal/telegram/bot.go:395.32,397.3 1 0
github.com/BackendStack21/kode/internal/telegram/bot.go:399.2,400.32 2 3
github.com/BackendStack21/kode/internal/telegram/bot.go:400.32,405.3 1 1
github.com/BackendStack21/kode/internal/telegram/bot.go:408.2,408.87 1 2
github.com/BackendStack21/kode/internal/telegram/bot.go:408.87,410.3 1 0
github.com/BackendStack21/kode/internal/telegram/bot.go:412.2,412.12 1 2
github.com/BackendStack21/kode/internal/telegram/bot.go:416.38,418.54 2 3
github.com/BackendStack21/kode/internal/telegram/bot.go:418.54,420.3 1 2
github.com/BackendStack21/kode/internal/telegram/bot.go:421.2,421.19 1 1
github.com/BackendStack21/kode/internal/telegram/bot.go:428.65,434.2 2 1
github.com/BackendStack21/kode/internal/telegram/commands.go:20.13,58.2 1 1
github.com/BackendStack21/kode/internal/telegram/commands.go:60.48,69.2 1 2
github.com/BackendStack21/kode/internal/telegram/commands.go:71.47,74.38 3 2
github.com/BackendStack21/kode/internal/telegram/commands.go:74.38,76.3 1 14
github.com/BackendStack21/kode/internal/telegram/commands.go:77.2,77.24 1 2
github.com/BackendStack21/kode/internal/telegram/commands.go:80.46,82.2 1 2
github.com/BackendStack21/kode/internal/telegram/commands.go:84.48,89.2 1 2
github.com/BackendStack21/kode/internal/telegram/commands.go:91.47,93.2 1 2
github.com/BackendStack21/kode/internal/telegram/commands.go:95.47,97.2 1 2
github.com/BackendStack21/kode/internal/telegram/commands.go:103.50,105.2 1 2
github.com/BackendStack21/kode/internal/telegram/commands.go:108.50,109.33 1 18
github.com/BackendStack21/kode/internal/telegram/commands.go:109.33,110.41 1 84
github.com/BackendStack21/kode/internal/telegram/commands.go:110.41,112.4 1 14
github.com/BackendStack21/kode/internal/telegram/commands.go:114.2,114.12 1 4
github.com/BackendStack21/kode/internal/telegram/commands.go:119.40,121.38 2 2
github.com/BackendStack21/kode/internal/telegram/commands.go:121.38,126.3 1 14
github.com/BackendStack21/kode/internal/telegram/commands.go:127.2,127.14 1 2
github.com/BackendStack21/kode/internal/telegram/config.go:27.37,35.2 1 28
github.com/BackendStack21/kode/internal/telegram/config.go:39.56,42.56 2 25
github.com/BackendStack21/kode/internal/telegram/config.go:42.56,44.3 1 2
github.com/BackendStack21/kode/internal/telegram/config.go:45.2,45.60 1 25
github.com/BackendStack21/kode/internal/telegram/config.go:45.60,47.3 1 2
github.com/BackendStack21/kode/internal/telegram/config.go:48.2,48.60 1 25
github.com/BackendStack21/kode/internal/telegram/config.go:48.60,50.3 1 1
github.com/BackendStack21/kode/internal/telegram/config.go:51.2,51.59 1 25
github.com/BackendStack21/kode/internal/telegram/config.go:51.59,53.3 1 2
github.com/BackendStack21/kode/internal/telegram/config.go:54.2,54.60 1 25
github.com/BackendStack21/kode/internal/telegram/config.go:54.60,55.44 1 3
github.com/BackendStack21/kode/internal/telegram/config.go:55.44,57.4 1 2
github.com/BackendStack21/kode/internal/telegram/config.go:59.2,59.59 1 25
github.com/BackendStack21/kode/internal/telegram/config.go:59.59,60.44 1 2
github.com/BackendStack21/kode/internal/telegram/config.go:60.44,62.4 1 1
github.com/BackendStack21/kode/internal/telegram/config.go:64.2,64.61 1 25
github.com/BackendStack21/kode/internal/telegram/config.go:64.61,65.44 1 3
github.com/BackendStack21/kode/internal/telegram/config.go:65.44,67.4 1 2
github.com/BackendStack21/kode/internal/telegram/config.go:69.2,69.65 1 25
github.com/BackendStack21/kode/internal/telegram/config.go:69.65,70.56 1 2
github.com/BackendStack21/kode/internal/telegram/config.go:70.56,72.4 1 1
github.com/BackendStack21/kode/internal/telegram/config.go:74.2,74.64 1 25
github.com/BackendStack21/kode/internal/telegram/config.go:74.64,75.44 1 2
github.com/BackendStack21/kode/internal/telegram/config.go:75.44,77.4 1 1
github.com/BackendStack21/kode/internal/telegram/config.go:79.2,79.60 1 25
github.com/BackendStack21/kode/internal/telegram/config.go:79.60,81.3 1 2
github.com/BackendStack21/kode/internal/telegram/config.go:82.2,82.56 1 25
github.com/BackendStack21/kode/internal/telegram/config.go:82.56,84.3 1 0
github.com/BackendStack21/kode/internal/telegram/config.go:85.2,85.55 1 25
github.com/BackendStack21/kode/internal/telegram/config.go:85.55,87.3 1 0
github.com/BackendStack21/kode/internal/telegram/config.go:89.2,89.12 1 25
github.com/BackendStack21/kode/internal/telegram/config.go:94.47,95.21 1 27
github.com/BackendStack21/kode/internal/telegram/config.go:95.21,97.3 1 3
github.com/BackendStack21/kode/internal/telegram/config.go:98.2,98.26 1 24
github.com/BackendStack21/kode/internal/telegram/config.go:98.26,100.3 1 3
github.com/BackendStack21/kode/internal/telegram/config.go:101.2,101.49 1 21
github.com/BackendStack21/kode/internal/telegram/config.go:101.49,103.3 1 5
github.com/BackendStack21/kode/internal/telegram/config.go:104.2,104.53 1 16
github.com/BackendStack21/kode/internal/telegram/config.go:104.53,106.3 1 5
github.com/BackendStack21/kode/internal/telegram/config.go:107.2,107.24 1 11
github.com/BackendStack21/kode/internal/telegram/config.go:107.24,109.3 1 3
github.com/BackendStack21/kode/internal/telegram/config.go:110.2,110.12 1 8
github.com/BackendStack21/kode/internal/telegram/config.go:114.39,117.26 3 11
github.com/BackendStack21/kode/internal/telegram/config.go:117.26,119.17 2 27
github.com/BackendStack21/kode/internal/telegram/config.go:119.17,120.12 1 7
github.com/BackendStack21/kode/internal/telegram/config.go:122.3,122.29 1 20
github.com/BackendStack21/kode/internal/telegram/config.go:124.2,124.15 1 11
github.com/BackendStack21/kode/internal/telegram/config.go:128.38,131.26 3 13
github.com/BackendStack21/kode/internal/telegram/config.go:131.26,133.20 2 38
github.com/BackendStack21/kode/internal/telegram/config.go:133.20,135.4 1 31
github.com/BackendStack21/kode/internal/telegram/config.go:137.2,137.15 1 13
github.com/BackendStack21/kode/internal/telegram/download.go:13.33,15.16 2 9
github.com/BackendStack21/kode/internal/telegram/download.go:15.16,17.3 1 0
github.com/BackendStack21/kode/internal/telegram/download.go:18.2,19.47 2 9
github.com/BackendStack21/kode/internal/telegram/download.go:19.47,21.3 1 0
github.com/BackendStack21/kode/internal/telegram/download.go:22.2,22.17 1 9
github.com/BackendStack21/kode/internal/telegram/download.go:30.61,32.16 2 4
github.com/BackendStack21/kode/internal/telegram/download.go:32.16,34.3 1 0
github.com/BackendStack21/kode/internal/telegram/download.go:37.2,38.16 2 4
github.com/BackendStack21/kode/internal/telegram/download.go:38.16,40.3 1 1
github.com/BackendStack21/kode/internal/telegram/download.go:41.2,41.22 1 3
github.com/BackendStack21/kode/internal/telegram/download.go:41.22,43.3 1 2
github.com/BackendStack21/kode/internal/telegram/download.go:46.2,47.16 2 1
github.com/BackendStack21/kode/internal/telegram/download.go:47.16,49.3 1 0
github.com/BackendStack21/kode/internal/telegram/download.go:52.2,53.15 2 1
github.com/BackendStack21/kode/internal/telegram/download.go:53.15,55.3 1 0
github.com/BackendStack21/kode/internal/telegram/download.go:58.2,59.22 2 1
github.com/BackendStack21/kode/internal/telegram/download.go:59.22,61.3 1 0
github.com/BackendStack21/kode/internal/telegram/download.go:62.2,64.60 2 1
github.com/BackendStack21/kode/internal/telegram/download.go:64.60,66.3 1 0
github.com/BackendStack21/kode/internal/telegram/download.go:68.2,68.23 1 1
github.com/BackendStack21/kode/internal/telegram/download.go:76.64,77.23 1 5
github.com/BackendStack21/kode/internal/telegram/download.go:77.23,79.3 1 2
github.com/BackendStack21/kode/internal/telegram/download.go:82.2,85.16 3 3
github.com/BackendStack21/kode/internal/telegram/download.go:85.16,87.3 1 0
github.com/BackendStack21/kode/internal/telegram/download.go:90.2,91.16 2 3
github.com/BackendStack21/kode/internal/telegram/download.go:91.16,93.3 1 1
github.com/BackendStack21/kode/internal/telegram/download.go:94.2,94.22 1 2
github.com/BackendStack21/kode/internal/telegram/download.go:94.22,96.3 1 1
github.com/BackendStack21/kode/internal/telegram/download.go:99.2,100.16 2 1
github.com/BackendStack21/kode/internal/telegram/download.go:100.16,102.3 1 0
github.com/BackendStack21/kode/internal/telegram/download.go:105.2,106.15 2 1
github.com/BackendStack21/kode/internal/telegram/download.go:106.15,108.3 1 0
github.com/BackendStack21/kode/internal/telegram/download.go:110.2,111.22 2 1
github.com/BackendStack21/kode/internal/telegram/download.go:111.22,113.3 1 0
github.com/BackendStack21/kode/internal/telegram/download.go:114.2,116.60 2 1
github.com/BackendStack21/kode/internal/telegram/download.go:116.60,118.3 1 0
github.com/BackendStack21/kode/internal/telegram/download.go:120.2,120.23 1 1
github.com/BackendStack21/kode/internal/telegram/format.go:14.52,22.23 6 44
github.com/BackendStack21/kode/internal/telegram/format.go:22.23,23.39 1 123
github.com/BackendStack21/kode/internal/telegram/format.go:23.39,25.4 1 120
github.com/BackendStack21/kode/internal/telegram/format.go:26.3,30.18 5 3
github.com/BackendStack21/kode/internal/telegram/format.go:33.2,33.32 1 44
github.com/BackendStack21/kode/internal/telegram/format.go:33.32,37.37 2 89
github.com/BackendStack21/kode/internal/telegram/format.go:37.37,41.12 4 6
github.com/BackendStack21/kode/internal/telegram/format.go:44.3,44.18 1 83
github.com/BackendStack21/kode/internal/telegram/format.go:44.18,46.12 2 3
github.com/BackendStack21/kode/internal/telegram/format.go:50.3,50.40 1 80
github.com/BackendStack21/kode/internal/telegram/format.go:50.40,53.12 3 1
github.com/BackendStack21/kode/internal/telegram/format.go:57.3,57.24 1 79
github.com/BackendStack21/kode/internal/telegram/format.go:57.24,60.12 3 4
github.com/BackendStack21/kode/internal/telegram/format.go:64.3,64.29 1 75
github.com/BackendStack21/kode/internal/telegram/format.go:64.29,65.16 1 7
github.com/BackendStack21/kode/internal/telegram/format.go:65.16,68.5 2 3
github.com/BackendStack21/kode/internal/telegram/format.go:69.4,70.12 2 7
github.com/BackendStack21/kode/internal/telegram/format.go:74.3,77.37 2 68
github.com/BackendStack21/kode/internal/telegram/format.go:77.37,81.12 4 7
github.com/BackendStack21/kode/internal/telegram/format.go:85.3,86.47 2 61
github.com/BackendStack21/kode/internal/telegram/format.go:90.2,94.20 4 44
github.com/BackendStack21/kode/internal/telegram/format.go:99.41,102.20 3 24
github.com/BackendStack21/kode/internal/telegram/format.go:102.20,104.47 1 311
github.com/BackendStack21/kode/internal/telegram/format.go:104.47,108.16 4 1
github.com/BackendStack21/kode/internal/telegram/format.go:108.16,112.5 3 1
github.com/BackendStack21/kode/internal/telegram/format.go:113.4,113.12 1 1
github.com/BackendStack21/kode/internal/telegram/format.go:117.3,117.21 1 310
github.com/BackendStack21/kode/internal/telegram/format.go:117.21,120.40 3 5
github.com/BackendStack21/kode/internal/telegram/format.go:120.40,123.5 2 69
github.com/BackendStack21/kode/internal/telegram/format.go:124.4,124.21 1 5
github.com/BackendStack21/kode/internal/telegram/format.go:124.21,127.5 2 4
github.com/BackendStack21/kode/internal/telegram/format.go:128.4,128.12 1 5
github.com/BackendStack21/kode/internal/telegram/format.go:132.3,132.32 1 305
github.com/BackendStack21/kode/internal/telegram/format.go:132.32,134.4 1 42
github.com/BackendStack21/kode/internal/telegram/format.go:135.3,136.6 2 305
github.com/BackendStack21/kode/internal/telegram/format.go:138.2,138.24 1 24
github.com/BackendStack21/kode/internal/telegram/format.go:144.30,145.11 1 11717
github.com/BackendStack21/kode/internal/telegram/format.go:147.42,148.14 1 366
github.com/BackendStack21/kode/internal/telegram/format.go:150.2,150.14 1 11351
github.com/BackendStack21/kode/internal/telegram/format.go:154.36,156.22 2 79
github.com/BackendStack21/kode/internal/telegram/format.go:156.22,158.3 1 14
github.com/BackendStack21/kode/internal/telegram/format.go:159.2,159.28 1 65
github.com/BackendStack21/kode/internal/telegram/format.go:159.28,160.17 1 77
github.com/BackendStack21/kode/internal/telegram/format.go:160.17,162.4 1 61
github.com/BackendStack21/kode/internal/telegram/format.go:164.2,164.13 1 4
github.com/BackendStack21/kode/internal/telegram/format.go:168.41,171.2 2 75
github.com/BackendStack21/kode/internal/telegram/format.go:175.46,179.32 4 9
github.com/BackendStack21/kode/internal/telegram/format.go:179.32,180.47 1 58
github.com/BackendStack21/kode/internal/telegram/format.go:180.47,183.12 3 3
github.com/BackendStack21/kode/internal/telegram/format.go:185.3,185.37 1 55
github.com/BackendStack21/kode/internal/telegram/format.go:185.37,188.12 3 11
github.com/BackendStack21/kode/internal/telegram/format.go:190.3,190.15 1 44
github.com/BackendStack21/kode/internal/telegram/format.go:190.15,192.4 1 6
github.com/BackendStack21/kode/internal/telegram/format.go:193.3,193.6 1 38
github.com/BackendStack21/kode/internal/telegram/format.go:195.2,195.14 1 3
github.com/BackendStack21/kode/internal/telegram/format.go:201.49,206.20 4 68
github.com/BackendStack21/kode/internal/telegram/format.go:206.20,208.21 1 11475
github.com/BackendStack21/kode/internal/telegram/format.go:208.21,210.48 1 8
github.com/BackendStack21/kode/internal/telegram/format.go:210.48,214.17 4 0
github.com/BackendStack21/kode/internal/telegram/format.go:214.17,218.6 3 0
github.com/BackendStack21/kode/internal/telegram/format.go:219.5,219.13 1 0
github.com/BackendStack21/kode/internal/telegram/format.go:222.4,225.12 4 8
github.com/BackendStack21/kode/internal/telegram/format.go:228.3,228.17 1 11467
github.com/BackendStack21/kode/internal/telegram/format.go:228.17,231.12 3 39
github.com/BackendStack21/kode/internal/telegram/format.go:235.3,235.46 1 11428
github.com/BackendStack21/kode/internal/telegram/format.go:235.46,238.12 3 6
github.com/BackendStack21/kode/internal/telegram/format.go:242.3,242.21 1 11422
github.com/BackendStack21/kode/internal/telegram/format.go:242.21,245.12 3 10
github.com/BackendStack21/kode/internal/telegram/format.go:249.3,249.32 1 11412
github.com/BackendStack21/kode/internal/telegram/format.go:249.32,251.4 1 324
github.com/BackendStack21/kode/internal/telegram/format.go:252.3,253.6 2 11412
github.com/BackendStack21/kode/internal/telegram/format.go:256.2,256.24 1 68
github.com/BackendStack21/kode/internal/telegram/format.go:263.54,264.19 1 58
github.com/BackendStack21/kode/internal/telegram/format.go:264.19,266.3 1 1
github.com/BackendStack21/kode/internal/telegram/format.go:268.2,272.31 4 58
github.com/BackendStack21/kode/internal/telegram/format.go:272.31,275.24 2 75
github.com/BackendStack21/kode/internal/telegram/format.go:275.24,277.4 1 17
github.com/BackendStack21/kode/internal/telegram/format.go:279.3,279.45 1 75
github.com/BackendStack21/kode/internal/telegram/format.go:279.45,283.4 2 3
github.com/BackendStack21/kode/internal/telegram/format.go:286.3,286.24 1 75
github.com/BackendStack21/kode/internal/telegram/format.go:286.24,288.25 1 5
github.com/BackendStack21/kode/internal/telegram/format.go:288.25,291.5 2 0
github.com/BackendStack21/kode/internal/telegram/format.go:293.4,294.27 2 5
github.com/BackendStack21/kode/internal/telegram/format.go:294.27,295.35 1 13
github.com/BackendStack21/kode/internal/telegram/format.go:295.35,297.11 2 5
github.com/BackendStack21/kode/internal/telegram/format.go:300.5,301.21 2 8
github.com/BackendStack21/kode/internal/telegram/format.go:301.21,303.6 1 2
github.com/BackendStack21/kode/internal/telegram/format.go:304.5,307.65 3 8
github.com/BackendStack21/kode/internal/telegram/format.go:309.4,309.12 1 5
github.com/BackendStack21/kode/internal/telegram/format.go:313.3,313.24 1 70
github.com/BackendStack21/kode/internal/telegram/format.go:313.24,315.4 1 14
github.com/BackendStack21/kode/internal/telegram/format.go:316.3,316.25 1 70
github.com/BackendStack21/kode/internal/telegram/format.go:320.2,320.23 1 58
github.com/BackendStack21/kode/internal/telegram/format.go:320.23,322.3 1 56
github.com/BackendStack21/kode/internal/telegram/format.go:324.2,324.15 1 58
github.com/BackendStack21/kode/internal/telegram/handler.go:67.66,69.2 1 3
github.com/BackendStack21/kode/internal/telegram/handler.go:73.63,75.9 2 9
github.com/BackendStack21/kode/internal/telegram/handler.go:75.9,77.3 1 6
github.com/BackendStack21/kode/internal/telegram/handler.go:78.2,79.10 2 3
github.com/BackendStack21/kode/internal/telegram/handler.go:84.48,86.2 1 1
github.com/BackendStack21/kode/internal/telegram/handler.go:89.36,102.2 1 53
github.com/BackendStack21/kode/internal/telegram/handler.go:105.39,106.14 1 3
github.com/BackendStack21/kode/internal/telegram/handler.go:106.14,109.3 2 2
github.com/BackendStack21/kode/internal/telegram/handler.go:110.2,110.11 1 1
github.com/BackendStack21/kode/internal/telegram/handler.go:114.63,115.49 1 53
github.com/BackendStack21/kode/internal/telegram/handler.go:115.49,117.3 1 1
github.com/BackendStack21/kode/internal/telegram/handler.go:121.67,122.49 1 53
github.com/BackendStack21/kode/internal/telegram/handler.go:122.49,124.3 1 1
github.com/BackendStack21/kode/internal/telegram/handler.go:128.74,129.52 1 53
github.com/BackendStack21/kode/internal/telegram/handler.go:129.52,131.3 1 1
github.com/BackendStack21/kode/internal/telegram/handler.go:136.72,137.59 1 53
github.com/BackendStack21/kode/internal/telegram/handler.go:137.59,139.17 2 1
github.com/BackendStack21/kode/internal/telegram/handler.go:139.17,141.4 1 1
github.com/BackendStack21/kode/internal/telegram/handler.go:142.3,142.50 1 0
github.com/BackendStack21/kode/internal/telegram/handler.go:148.74,149.62 1 53
github.com/BackendStack21/kode/internal/telegram/handler.go:149.62,151.17 2 1
github.com/BackendStack21/kode/internal/telegram/handler.go:151.17,153.4 1 1
github.com/BackendStack21/kode/internal/telegram/handler.go:154.3,154.50 1 0
github.com/BackendStack21/kode/internal/telegram/handler.go:161.44,162.9 1 21
github.com/BackendStack21/kode/internal/telegram/handler.go:163.26,164.31 1 17
github.com/BackendStack21/kode/internal/telegram/handler.go:165.32,166.38 1 3
github.com/BackendStack21/kode/internal/telegram/handler.go:167.10,168.70 1 1
github.com/BackendStack21/kode/internal/telegram/handler.go:173.47,174.40 1 24
github.com/BackendStack21/kode/internal/telegram/handler.go:174.40,176.3 1 2
github.com/BackendStack21/kode/internal/telegram/handler.go:178.2,178.44 1 22
github.com/BackendStack21/kode/internal/telegram/handler.go:178.44,180.3 1 2
github.com/BackendStack21/kode/internal/telegram/handler.go:182.2,182.9 1 20
github.com/BackendStack21/kode/internal/telegram/handler.go:183.23,184.23 1 4
github.com/BackendStack21/kode/internal/telegram/handler.go:185.24,186.30 1 3
github.com/BackendStack21/kode/internal/telegram/handler.go:186.30,188.18 2 2
github.com/BackendStack21/kode/internal/telegram/handler.go:188.18,190.25 2 1
github.com/BackendStack21/kode/internal/telegram/handler.go:190.25,192.6 1 1
github.com/BackendStack21/kode/internal/telegram/handler.go:193.5,193.11 1 1
github.com/BackendStack21/kode/internal/telegram/handler.go:195.4,195.18 1 1
github.com/BackendStack21/kode/internal/telegram/handler.go:195.18,197.5 1 1
github.com/BackendStack21/kode/internal/telegram/handler.go:199.24,200.30 1 3
github.com/BackendStack21/kode/internal/telegram/handler.go:200.30,202.32 2 2
github.com/BackendStack21/kode/internal/telegram/handler.go:202.32,204.5 1 3
github.com/BackendStack21/kode/internal/telegram/handler.go:205.4,206.18 2 2
github.com/BackendStack21/kode/internal/telegram/handler.go:206.18,208.25 2 1
github.com/BackendStack21/kode/internal/telegram/handler.go:208.25,210.6 1 1
github.com/BackendStack21/kode/internal/telegram/handler.go:211.5,211.11 1 1
github.com/BackendStack21/kode/internal/telegram/handler.go:213.4,213.18 1 1
github.com/BackendStack21/kode/internal/telegram/handler.go:213.18,215.5 1 1
github.com/BackendStack21/kode/internal/telegram/handler.go:217.22,218.29 1 10
github.com/BackendStack21/kode/internal/telegram/handler.go:218.29,220.18 2 9
github.com/BackendStack21/kode/internal/telegram/handler.go:220.18,222.25 2 2
github.com/BackendStack21/kode/internal/telegram/handler.go:222.25,224.6 1 2
github.com/BackendStack21/kode/internal/telegram/handler.go:225.5,225.11 1 2
github.com/BackendStack21/kode/internal/telegram/handler.go:227.4,227.18 1 7
github.com/BackendStack21/kode/internal/telegram/handler.go:227.18,229.5 1 6
github.com/BackendStack21/kode/internal/telegram/handler.go:231.10,231.10 0 0
github.com/BackendStack21/kode/internal/telegram/handler.go:237.47,239.15 2 11
github.com/BackendStack21/kode/internal/telegram/handler.go:239.15,241.3 1 1
github.com/BackendStack21/kode/internal/telegram/handler.go:245.2,245.32 1 10
github.com/BackendStack21/kode/internal/telegram/handler.go:245.32,248.55 3 4
github.com/BackendStack21/kode/internal/telegram/handler.go:248.55,250.78 2 3
github.com/BackendStack21/kode/internal/telegram/handler.go:250.78,253.5 1 1
github.com/BackendStack21/kode/internal/telegram/handler.go:257.2,257.24 1 9
github.com/BackendStack21/kode/internal/telegram/handler.go:257.24,259.17 2 8
github.com/BackendStack21/kode/internal/telegram/handler.go:259.17,261.24 2 1
github.com/BackendStack21/kode/internal/telegram/handler.go:261.24,263.5 1 1
github.com/BackendStack21/kode/internal/telegram/handler.go:264.4,264.10 1 1
github.com/BackendStack21/kode/internal/telegram/handler.go:266.3,266.17 1 7
github.com/BackendStack21/kode/internal/telegram/handler.go:266.17,268.4 1 6
github.com/BackendStack21/kode/internal/telegram/handler.go:273.53,274.49 1 6
github.com/BackendStack21/kode/internal/telegram/handler.go:274.49,276.3 1 0
github.com/BackendStack21/kode/internal/telegram/handler.go:279.2,279.83 1 6
github.com/BackendStack21/kode/internal/telegram/handler.go:279.83,281.69 1 2
github.com/BackendStack21/kode/internal/telegram/handler.go:281.69,283.24 2 1
github.com/BackendStack21/kode/internal/telegram/handler.go:283.24,285.5 1 1
github.com/BackendStack21/kode/internal/telegram/handler.go:287.3,287.9 1 2
github.com/BackendStack21/kode/internal/telegram/handler.go:291.2,291.68 1 4
github.com/BackendStack21/kode/internal/telegram/handler.go:291.68,293.23 2 0
github.com/BackendStack21/kode/internal/telegram/handler.go:293.23,295.4 1 0
github.com/BackendStack21/kode/internal/telegram/handler.go:296.3,296.9 1 0
github.com/BackendStack21/kode/internal/telegram/handler.go:299.2,299.30 1 4
github.com/BackendStack21/kode/internal/telegram/handler.go:299.30,301.17 2 4
github.com/BackendStack21/kode/internal/telegram/handler.go:301.17,303.24 2 0
github.com/BackendStack21/kode/internal/telegram/handler.go:303.24,305.5 1 0
github.com/BackendStack21/kode/internal/telegram/handler.go:306.4,306.10 1 0
github.com/BackendStack21/kode/internal/telegram/handler.go:308.3,308.17 1 4
github.com/BackendStack21/kode/internal/telegram/handler.go:308.17,310.4 1 3
github.com/BackendStack21/kode/internal/telegram/handler.go:318.59,319.16 1 27
github.com/BackendStack21/kode/internal/telegram/handler.go:319.16,321.3 1 1
github.com/BackendStack21/kode/internal/telegram/handler.go:324.2,324.39 1 26
github.com/BackendStack21/kode/internal/telegram/handler.go:324.39,327.3 2 7
github.com/BackendStack21/kode/internal/telegram/handler.go:330.2,331.16 2 19
github.com/BackendStack21/kode/internal/telegram/handler.go:331.16,333.23 2 0
github.com/BackendStack21/kode/internal/telegram/handler.go:333.23,335.4 1 0
github.com/BackendStack21/kode/internal/telegram/handler.go:336.3,336.9 1 0
github.com/BackendStack21/kode/internal/telegram/handler.go:339.2,339.31 1 19
github.com/BackendStack21/kode/internal/telegram/handler.go:339.31,340.18 1 19
github.com/BackendStack21/kode/internal/telegram/handler.go:340.18,341.12 1 0
github.com/BackendStack21/kode/internal/telegram/handler.go:343.3,343.29 1 19
github.com/BackendStack21/kode/internal/telegram/handler.go:349.56,353.20 3 7
github.com/BackendStack21/kode/internal/telegram/handler.go:353.20,355.3 1 1
github.com/BackendStack21/kode/internal/telegram/handler.go:357.2,361.45 3 6
github.com/BackendStack21/kode/internal/telegram/handler.go:361.45,363.23 2 1
github.com/BackendStack21/kode/internal/telegram/handler.go:363.23,365.4 1 1
github.com/BackendStack21/kode/internal/telegram/handler.go:366.3,366.9 1 1
github.com/BackendStack21/kode/internal/telegram/handler.go:369.2,370.19 2 5
github.com/BackendStack21/kode/internal/telegram/handler.go:371.15,372.49 1 2
github.com/BackendStack21/kode/internal/telegram/handler.go:373.15,374.49 1 2
github.com/BackendStack21/kode/internal/telegram/handler.go:375.10,377.23 2 1
github.com/BackendStack21/kode/internal/telegram/handler.go:377.23,379.4 1 1
github.com/BackendStack21/kode/internal/telegram/handler.go:380.3,380.9 1 1
github.com/BackendStack21/kode/internal/telegram/handler.go:383.2,383.16 1 4
github.com/BackendStack21/kode/internal/telegram/handler.go:383.16,385.23 2 0
github.com/BackendStack21/kode/internal/telegram/handler.go:385.23,387.4 1 0
github.com/BackendStack21/kode/internal/telegram/handler.go:392.57,396.16 3 19
github.com/BackendStack21/kode/internal/telegram/handler.go:396.16,398.3 1 18
github.com/BackendStack21/kode/internal/telegram/handler.go:401.2,402.97 2 1
github.com/BackendStack21/kode/internal/telegram/handler.go:402.97,404.3 1 1
github.com/BackendStack21/kode/internal/telegram/handler.go:406.2,406.16 1 1
github.com/BackendStack21/kode/internal/telegram/handler.go:406.16,408.23 2 0
github.com/BackendStack21/kode/internal/telegram/handler.go:408.23,410.4 1 0
github.com/BackendStack21/kode/internal/telegram/handler.go:418.62,419.36 1 36
github.com/BackendStack21/kode/internal/telegram/handler.go:419.36,421.44 2 9
github.com/BackendStack21/kode/internal/telegram/handler.go:421.44,422.20 1 14
github.com/BackendStack21/kode/internal/telegram/handler.go:422.20,424.10 2 4
github.com/BackendStack21/kode/internal/telegram/handler.go:427.3,427.13 1 9
github.com/BackendStack21/kode/internal/telegram/handler.go:427.13,429.4 1 5
github.com/BackendStack21/kode/internal/telegram/handler.go:432.2,432.36 1 31
github.com/BackendStack21/kode/internal/telegram/handler.go:432.36,434.44 2 8
github.com/BackendStack21/kode/internal/telegram/handler.go:434.44,435.20 1 13
github.com/BackendStack21/kode/internal/telegram/handler.go:435.20,437.10 2 4
github.com/BackendStack21/kode/internal/telegram/handler.go:440.3,440.13 1 8
github.com/BackendStack21/kode/internal/telegram/handler.go:440.13,442.4 1 4
github.com/BackendStack21/kode/internal/telegram/handler.go:445.2,445.13 1 27
github.com/BackendStack21/kode/internal/telegram/handler.go:452.36,453.14 1 21
github.com/BackendStack21/kode/internal/telegram/handler.go:453.14,455.3 1 0
github.com/BackendStack21/kode/internal/telegram/handler.go:456.2,456.31 1 21
github.com/BackendStack21/kode/internal/telegram/handler.go:456.31,457.30 1 5
github.com/BackendStack21/kode/internal/telegram/handler.go:457.30,459.4 1 5
github.com/BackendStack21/kode/internal/telegram/handler.go:462.2,462.58 1 16
github.com/BackendStack21/kode/internal/telegram/handler.go:470.60,472.35 2 20
github.com/BackendStack21/kode/internal/telegram/handler.go:472.35,474.3 1 3
github.com/BackendStack21/kode/internal/telegram/handler.go:477.2,484.54 4 17
github.com/BackendStack21/kode/internal/telegram/handler.go:484.54,486.3 1 7
github.com/BackendStack21/kode/internal/telegram/handler.go:488.2,489.20 2 17
github.com/BackendStack21/kode/internal/telegram/handler.go:489.20,491.3 1 7
github.com/BackendStack21/kode/internal/telegram/handler.go:493.2,493.22 1 17
github.com/BackendStack21/kode/internal/telegram/log.go:56.56,58.16 2 15
github.com/BackendStack21/kode/internal/telegram/log.go:58.16,60.17 2 11
github.com/BackendStack21/kode/internal/telegram/log.go:60.17,64.4 2 1
github.com/BackendStack21/kode/internal/telegram/log.go:64.9,66.4 1 10
github.com/BackendStack21/kode/internal/telegram/log.go:67.8,69.3 1 4
github.com/BackendStack21/kode/internal/telegram/log.go:70.2,70.11 1 15
github.com/BackendStack21/kode/internal/telegram/log.go:74.28,76.2 1 220
github.com/BackendStack21/kode/internal/telegram/log.go:81.45,81.46 0 1
github.com/BackendStack21/kode/internal/telegram/log.go:82.45,82.46 0 2
github.com/BackendStack21/kode/internal/telegram/log.go:83.45,83.46 0 2
github.com/BackendStack21/kode/internal/telegram/log.go:84.45,84.46 0 21
github.com/BackendStack21/kode/internal/telegram/log.go:85.44,85.56 1 1
github.com/BackendStack21/kode/internal/telegram/log.go:88.70,89.22 1 33
github.com/BackendStack21/kode/internal/telegram/log.go:89.22,91.3 1 3
github.com/BackendStack21/kode/internal/telegram/log.go:93.2,104.24 7 30
github.com/BackendStack21/kode/internal/telegram/log.go:104.24,106.42 2 25
github.com/BackendStack21/kode/internal/telegram/log.go:106.42,107.13 1 29
github.com/BackendStack21/kode/internal/telegram/log.go:107.13,109.5 1 4
github.com/BackendStack21/kode/internal/telegram/log.go:110.4,111.11 2 29
github.com/BackendStack21/kode/internal/telegram/log.go:111.11,113.5 1 1
github.com/BackendStack21/kode/internal/telegram/log.go:114.4,114.28 1 29
github.com/BackendStack21/kode/internal/telegram/log.go:114.28,116.5 1 28
github.com/BackendStack21/kode/internal/telegram/log.go:116.10,118.5 1 1
github.com/BackendStack21/kode/internal/telegram/log.go:122.2,123.27 2 30
github.com/BackendStack21/kode/internal/telegram/log.go:126.56,126.92 1 2
github.com/BackendStack21/kode/internal/telegram/log.go:127.56,127.91 1 28
github.com/BackendStack21/kode/internal/telegram/log.go:128.56,128.91 1 1
github.com/BackendStack21/kode/internal/telegram/log.go:129.56,129.92 1 2
github.com/BackendStack21/kode/internal/telegram/log.go:132.50,139.2 1 3
github.com/BackendStack21/kode/internal/telegram/log.go:142.39,143.28 1 8
github.com/BackendStack21/kode/internal/telegram/log.go:144.15,145.18 1 1
github.com/BackendStack21/kode/internal/telegram/log.go:146.14,147.17 1 2
github.com/BackendStack21/kode/internal/telegram/log.go:148.14,149.17 1 2
github.com/BackendStack21/kode/internal/telegram/log.go:150.15,151.18 1 1
github.com/BackendStack21/kode/internal/telegram/log.go:152.10,153.17 1 2
github.com/BackendStack21/kode/internal/telegram/network.go:22.69,33.2 3 19
github.com/BackendStack21/kode/internal/telegram/network.go:37.49,42.2 4 24
github.com/BackendStack21/kode/internal/telegram/network.go:47.83,49.2 1 15
github.com/BackendStack21/kode/internal/telegram/network.go:53.76,55.2 1 1
github.com/BackendStack21/kode/internal/telegram/network.go:58.81,60.27 2 16
github.com/BackendStack21/kode/internal/telegram/network.go:60.27,62.3 1 0
github.com/BackendStack21/kode/internal/telegram/network.go:64.2,76.36 4 16
github.com/BackendStack21/kode/internal/telegram/network.go:76.36,78.17 2 24
github.com/BackendStack21/kode/internal/telegram/network.go:78.17,79.23 1 1
github.com/BackendStack21/kode/internal/telegram/network.go:79.23,81.5 1 1
github.com/BackendStack21/kode/internal/telegram/network.go:82.4,82.12 1 1
github.com/BackendStack21/kode/internal/telegram/network.go:86.3,98.17 5 23
github.com/BackendStack21/kode/internal/telegram/network.go:98.17,100.4 1 13
github.com/BackendStack21/kode/internal/telegram/network.go:101.3,101.22 1 10
github.com/BackendStack21/kode/internal/telegram/network.go:101.22,103.4 1 6
github.com/BackendStack21/kode/internal/telegram/network.go:105.2,105.72 1 3
github.com/BackendStack21/kode/internal/telegram/network.go:110.56,111.22 1 11
github.com/BackendStack21/kode/internal/telegram/network.go:111.22,113.3 1 11
github.com/BackendStack21/kode/internal/telegram/network.go:114.2,116.3 1 0
github.com/BackendStack21/kode/internal/telegram/network.go:121.64,123.36 2 6
github.com/BackendStack21/kode/internal/telegram/network.go:123.36,125.17 2 9
github.com/BackendStack21/kode/internal/telegram/network.go:125.17,127.12 2 1
github.com/BackendStack21/kode/internal/telegram/network.go:129.3,131.17 3 8
github.com/BackendStack21/kode/internal/telegram/network.go:131.17,133.12 2 1
github.com/BackendStack21/kode/internal/telegram/network.go:135.3,136.39 2 7
github.com/BackendStack21/kode/internal/telegram/network.go:136.39,138.4 1 6
github.com/BackendStack21/kode/internal/telegram/network.go:138.9,140.4 1 1
github.com/BackendStack21/kode/internal/telegram/network.go:142.2,142.16 1 6
github.com/BackendStack21/kode/internal/telegram/network.go:148.53,152.2 3 3
github.com/BackendStack21/kode/internal/telegram/network.go:157.88,159.53 2 4
github.com/BackendStack21/kode/internal/telegram/network.go:159.53,160.30 1 9
github.com/BackendStack21/kode/internal/telegram/network.go:160.30,162.32 2 7
github.com/BackendStack21/kode/internal/telegram/network.go:162.32,163.10 1 2
github.com/BackendStack21/kode/internal/telegram/network.go:166.4,168.12 3 5
github.com/BackendStack21/kode/internal/telegram/network.go:170.3,170.13 1 2
github.com/BackendStack21/kode/internal/telegram/network.go:172.2,172.92 1 2
github.com/BackendStack21/kode/internal/telegram/poller.go:19.34,27.2 1 19
github.com/BackendStack21/kode/internal/telegram/poller.go:30.38,31.14 1 3
github.com/BackendStack21/kode/internal/telegram/poller.go:31.14,34.3 2 2
github.com/BackendStack21/kode/internal/telegram/poller.go:35.2,35.11 1 1
github.com/BackendStack21/kode/internal/telegram/poller.go:43.62,44.9 1 19
github.com/BackendStack21/kode/internal/telegram/poller.go:45.20,46.24 1 2
github.com/BackendStack21/kode/internal/telegram/poller.go:47.10,47.10 0 17
github.com/BackendStack21/kode/internal/telegram/poller.go:50.2,51.16 2 17
github.com/BackendStack21/kode/internal/telegram/poller.go:51.16,53.3 1 1
github.com/BackendStack21/kode/internal/telegram/poller.go:55.2,55.22 1 16
github.com/BackendStack21/kode/internal/telegram/poller.go:55.22,57.33 2 13
github.com/BackendStack21/kode/internal/telegram/poller.go:57.33,58.20 1 4
github.com/BackendStack21/kode/internal/telegram/poller.go:58.20,60.5 1 2
github.com/BackendStack21/kode/internal/telegram/poller.go:62.3,62.23 1 13
github.com/BackendStack21/kode/internal/telegram/poller.go:65.2,65.21 1 16
github.com/BackendStack21/kode/internal/telegram/poller.go:73.74,76.6 2 0
github.com/BackendStack21/kode/internal/telegram/poller.go:76.6,77.10 1 0
github.com/BackendStack21/kode/internal/telegram/poller.go:78.21,79.20 1 0
github.com/BackendStack21/kode/internal/telegram/poller.go:80.11,80.11 0 0
github.com/BackendStack21/kode/internal/telegram/poller.go:83.3,84.17 2 0
github.com/BackendStack21/kode/internal/telegram/poller.go:84.17,85.11 1 0
github.com/BackendStack21/kode/internal/telegram/poller.go:86.22,87.21 1 0
github.com/BackendStack21/kode/internal/telegram/poller.go:88.12,88.12 0 0
github.com/BackendStack21/kode/internal/telegram/poller.go:91.4,94.11 3 0
github.com/BackendStack21/kode/internal/telegram/poller.go:95.22,96.21 1 0
github.com/BackendStack21/kode/internal/telegram/poller.go:97.31,97.31 0 0
github.com/BackendStack21/kode/internal/telegram/poller.go:99.4,99.12 1 0
github.com/BackendStack21/kode/internal/telegram/poller.go:102.3,102.23 1 0
github.com/BackendStack21/kode/internal/telegram/poller.go:102.23,104.11 1 0
github.com/BackendStack21/kode/internal/telegram/poller.go:105.22,106.21 1 0
github.com/BackendStack21/kode/internal/telegram/poller.go:107.34,107.34 0 0
github.com/BackendStack21/kode/internal/telegram/poller.go:109.4,109.12 1 0
github.com/BackendStack21/kode/internal/telegram/poller.go:112.3,112.28 1 0
github.com/BackendStack21/kode/internal/telegram/poller.go:112.28,113.11 1 0
github.com/BackendStack21/kode/internal/telegram/poller.go:114.22,115.21 1 0
github.com/BackendStack21/kode/internal/telegram/poller.go:116.22,116.22 0 0
github.com/BackendStack21/kode/internal/telegram/session.go:42.81,43.14 1 17
github.com/BackendStack21/kode/internal/telegram/session.go:43.14,45.3 1 1
github.com/BackendStack21/kode/internal/telegram/session.go:46.2,50.3 1 17
github.com/BackendStack21/kode/internal/telegram/session.go:59.75,64.53 4 54
github.com/BackendStack21/kode/internal/telegram/session.go:64.53,66.3 1 20
github.com/BackendStack21/kode/internal/telegram/session.go:68.2,81.16 5 34
github.com/BackendStack21/kode/internal/telegram/session.go:87.76,90.8 3 57
github.com/BackendStack21/kode/internal/telegram/session.go:90.8,94.3 3 5
github.com/BackendStack21/kode/internal/telegram/session.go:94.8,103.3 2 52
github.com/BackendStack21/kode/internal/telegram/session.go:104.2,117.28 4 57
github.com/BackendStack21/kode/internal/telegram/session.go:125.68,130.8 4 23
github.com/BackendStack21/kode/internal/telegram/session.go:130.8,132.3 1 1
github.com/BackendStack21/kode/internal/telegram/session.go:134.2,136.16 3 22
github.com/BackendStack21/kode/internal/telegram/session.go:136.16,138.3 1 21
github.com/BackendStack21/kode/internal/telegram/session.go:140.2,153.16 5 1
github.com/BackendStack21/kode/internal/telegram/session.go:158.54,166.2 5 24
github.com/BackendStack21/kode/internal/telegram/session.go:171.90,173.16 2 2
github.com/BackendStack21/kode/internal/telegram/session.go:173.16,175.3 1 0
github.com/BackendStack21/kode/internal/telegram/session.go:177.2,178.37 2 2
